<?xml version="1.0" encoding="UTF-8"?>
<testsuite xmlns:xsi="http://www.w3.org/2001/XMLSchema-instance" xsi:noNamespaceSchemaLocation="https://maven.apache.org/surefire/maven-surefire-plugin/xsd/surefire-test-report-3.0.xsd" version="3.0" name="TestConexion" time="0.216" tests="2" errors="0" skipped="0" failures="0">
  <properties>
[...]
</properties>
  <testcase name="testConexion" classname="TestConexion" time="0.167">
    <system-out><![CDATA[Conexión exitosa
]]></system-out>
  </testcase>
  <testcase name="testAutenticacion" classname="TestConexion" time="0.024">
    <system-out><![CDATA[Usuario encontrado!
]]></system-out>
  </testcase>
</testsuite>